[2025-11-13 01:40:07] local.ERROR: SQLSTATE[HY000] [2002] No se puede establecer una conexión ya que el equipo de destino denegó expresamente dicha conexión (Connection: mysql, SQL: select exists (select 1 from information_schema.tables where table_schema = schema() and table_name = 'migrations' and table_type in ('BASE TABLE', 'SYSTEM VERSIONED')) as `exists`) {"exception":"[object] (Illuminate\\Database\\QueryException(code: 2002): SQLSTATE[HY000] [2002] No se puede establecer una conexión ya que el equipo de destino denegó expresamente dicha conexión (Connection: mysql, SQL: select exists (select 1 from information_schema.tables where table_schema = schema() and table_name = 'migrations' and table_type in ('BASE TABLE', 'SYSTEM VERSIONED')) as `exists`) at C:\\Users\\OsmanSmith\\Desktop\\PROYECTOS\\landingPage\\sysifos-api\\vendor\\laravel\\framework\\src\\Illuminate\\Database\\Connection.php:824)
[stacktrace]
#0 C:\\Users\\OsmanSmith\\Desktop\\PROYECTOS\\landingPage\\sysifos-api\\vendor\\laravel\\framework\\src\\Illuminate\\Database\\Connection.php(778): Illuminate\\Database\\Connection->runQueryCallback('select exists (...', Array, Object(Closure))
#1 C:\\Users\\OsmanSmith\\Desktop\\PROYECTOS\\landingPage\\sysifos-api\\vendor\\laravel\\framework\\src\\Illuminate\\Database\\Connection.php(397): Illuminate\\Database\\Connection->run('select exists (...', Array, Object(Closure))
#2 C:\\Users\\OsmanSmith\\Desktop\\PROYECTOS\\landingPage\\sysifos-api\\vendor\\laravel\\framework\\src\\Illuminate\\Database\\Connection.php(343): Illuminate\\Database\\Connection->select('select exists (...', Array, true)
#3 C:\\Users\\OsmanSmith\\Desktop\\PROYECTOS\\landingPage\\sysifos-api\\vendor\\laravel\\framework\\src\\Illuminate\\Database\\Connection.php(360): Illuminate\\Database\\Connection->selectOne('select exists (...', Array, true)
#4 C:\\Users\\OsmanSmith\\Desktop\\PROYECTOS\\landingPage\\sysifos-api\\vendor\\laravel\\framework\\src\\Illuminate\\Database\\Schema\\Builder.php(174): Illuminate\\Database\\Connection->scalar('select exists (...')
#5 C:\\Users\\OsmanSmith\\Desktop\\PROYECTOS\\landingPage\\sysifos-api\\vendor\\laravel\\framework\\src\\Illuminate\\Database\\Migrations\\DatabaseMigrationRepository.php(185): Illuminate\\Database\\Schema\\Builder->hasTable('migrations')
#6 C:\\Users\\OsmanSmith\\Desktop\\PROYECTOS\\landingPage\\sysifos-api\\vendor\\laravel\\framework\\src\\Illuminate\\Database\\Migrations\\Migrator.php(753): Illuminate\\Database\\Migrations\\DatabaseMigrationRepository->repositoryExists()
#7 C:\\Users\\OsmanSmith\\Desktop\\PROYECTOS\\landingPage\\sysifos-api\\vendor\\laravel\\framework\\src\\Illuminate\\Database\\Console\\Migrations\\MigrateCommand.php(164): Illuminate\\Database\\Migrations\\Migrator->repositoryExists()
#8 C:\\Users\\OsmanSmith\\Desktop\\PROYECTOS\\landingPage\\sysifos-api\\vendor\\laravel\\framework\\src\\Illuminate\\Support\\helpers.php(329): Illuminate\\Database\\Console\\Migrations\\MigrateCommand->Illuminate\\Database\\Console\\Migrations\\{closure}(1)
#9 C:\\Users\\OsmanSmith\\Desktop\\PROYECTOS\\landingPage\\sysifos-api\\vendor\\laravel\\framework\\src\\Illuminate\\Database\\Console\\Migrations\\MigrateCommand.php(164): retry(1, Object(Closure), 0, Object(Closure))
#10 C:\\Users\\OsmanSmith\\Desktop\\PROYECTOS\\landingPage\\sysifos-api\\vendor\\laravel\\framework\\src\\Illuminate\\Database\\Console\\Migrations\\MigrateCommand.php(140): Illuminate\\Database\\Console\\Migrations\\MigrateCommand->repositoryExists()
#11 C:\\Users\\OsmanSmith\\Desktop\\PROYECTOS\\landingPage\\sysifos-api\\vendor\\laravel\\framework\\src\\Illuminate\\Database\\Console\\Migrations\\MigrateCommand.php(110): Illuminate\\Database\\Console\\Migrations\\MigrateCommand->prepareDatabase()
#12 C:\\Users\\OsmanSmith\\Desktop\\PROYECTOS\\landingPage\\sysifos-api\\vendor\\laravel\\framework\\src\\Illuminate\\Database\\Migrations\\Migrator.php(666): Illuminate\\Database\\Console\\Migrations\\MigrateCommand->Illuminate\\Database\\Console\\Migrations\\{closure}()
#13 C:\\Users\\OsmanSmith\\Desktop\\PROYECTOS\\landingPage\\sysifos-api\\vendor\\laravel\\framework\\src\\Illuminate\\Database\\Console\\Migrations\\MigrateCommand.php(109): Illuminate\\Database\\Migrations\\Migrator->usingConnection(NULL, Object(Closure))
#14 C:\\Users\\OsmanSmith\\Desktop\\PROYECTOS\\landingPage\\sysifos-api\\vendor\\laravel\\framework\\src\\Illuminate\\Database\\Console\\Migrations\\MigrateCommand.php(88): Illuminate\\Database\\Console\\Migrations\\MigrateCommand->runMigrations()
#15 C:\\Users\\OsmanSmith\\Desktop\\PROYECTOS\\landingPage\\sysifos-api\\vendor\\laravel\\framework\\src\\Illuminate\\Container\\BoundMethod.php(36): Illuminate\\Database\\Console\\Migrations\\MigrateCommand->handle()
#16 C:\\Users\\OsmanSmith\\Desktop\\PROYECTOS\\landingPage\\sysifos-api\\vendor\\laravel\\framework\\src\\Illuminate\\Container\\Util.php(43): Illuminate\\Container\\BoundMethod::Illuminate\\Container\\{closure}()
#17 C:\\Users\\OsmanSmith\\Desktop\\PROYECTOS\\landingPage\\sysifos-api\\vendor\\laravel\\framework\\src\\Illuminate\\Container\\BoundMethod.php(96): Illuminate\\Container\\Util::unwrapIfClosure(Object(Closure))
#18 C:\\Users\\OsmanSmith\\Desktop\\PROYECTOS\\landingPage\\sysifos-api\\vendor\\laravel\\framework\\src\\Illuminate\\Container\\BoundMethod.php(35): Illuminate\\Container\\BoundMethod::callBoundMethod(Object(Illuminate\\Foundation\\Application), Array, Object(Closure))
#19 C:\\Users\\OsmanSmith\\Desktop\\PROYECTOS\\landingPage\\sysifos-api\\vendor\\laravel\\framework\\src\\Illuminate\\Container\\Container.php(836): Illuminate\\Container\\BoundMethod::call(Object(Illuminate\\Foundation\\Application), Array, Array, NULL)
#20 C:\\Users\\OsmanSmith\\Desktop\\PROYECTOS\\landingPage\\sysifos-api\\vendor\\laravel\\framework\\src\\Illuminate\\Console\\Command.php(211): Illuminate\\Container\\Container->call(Array)
#21 C:\\Users\\OsmanSmith\\Desktop\\PROYECTOS\\landingPage\\sysifos-api\\vendor\\symfony\\console\\Command\\Command.php(318): Illuminate\\Console\\Command->execute(Object(Symfony\\Component\\Console\\Input\\ArgvInput), Object(Illuminate\\Console\\OutputStyle))
#22 C:\\Users\\OsmanSmith\\Desktop\\PROYECTOS\\landingPage\\sysifos-api\\vendor\\laravel\\framework\\src\\Illuminate\\Console\\Command.php(180): Symfony\\Component\\Console\\Command\\Command->run(Object(Symfony\\Component\\Console\\Input\\ArgvInput), Object(Illuminate\\Console\\OutputStyle))
#23 C:\\Users\\OsmanSmith\\Desktop\\PROYECTOS\\landingPage\\sysifos-api\\vendor\\symfony\\console\\Application.php(1073): Illuminate\\Console\\Command->run(Object(Symfony\\Component\\Console\\Input\\ArgvInput), Object(Symfony\\Component\\Console\\Output\\ConsoleOutput))
#24 C:\\Users\\OsmanSmith\\Desktop\\PROYECTOS\\landingPage\\sysifos-api\\vendor\\symfony\\console\\Application.php(356): Symfony\\Component\\Console\\Application->doRunCommand(Object(Illuminate\\Database\\Console\\Migrations\\MigrateCommand), Object(Symfony\\Component\\Console\\Input\\ArgvInput), Object(Symfony\\Component\\Console\\Output\\ConsoleOutput))
#25 C:\\Users\\OsmanSmith\\Desktop\\PROYECTOS\\landingPage\\sysifos-api\\vendor\\symfony\\console\\Application.php(195): Symfony\\Component\\Console\\Application->doRun(Object(Symfony\\Component\\Console\\Input\\ArgvInput), Object(Symfony\\Component\\Console\\Output\\ConsoleOutput))
#26 C:\\Users\\OsmanSmith\\Desktop\\PROYECTOS\\landingPage\\sysifos-api\\vendor\\laravel\\framework\\src\\Illuminate\\Foundation\\Console\\Kernel.php(197): Symfony\\Component\\Console\\Application->run(Object(Symfony\\Component\\Console\\Input\\ArgvInput), Object(Symfony\\Component\\Console\\Output\\ConsoleOutput))
#27 C:\\Users\\OsmanSmith\\Desktop\\PROYECTOS\\landingPage\\sysifos-api\\vendor\\laravel\\framework\\src\\Illuminate\\Foundation\\Application.php(1235): Illuminate\\Foundation\\Console\\Kernel->handle(Object(Symfony\\Component\\Console\\Input\\ArgvInput), Object(Symfony\\Component\\Console\\Output\\ConsoleOutput))
#28 C:\\Users\\OsmanSmith\\Desktop\\PROYECTOS\\landingPage\\sysifos-api\\artisan(16): Illuminate\\Foundation\\Application->handleCommand(Object(Symfony\\Component\\Console\\Input\\ArgvInput))
#29 {main}

[previous exception] [object] (PDOException(code: 2002): SQLSTATE[HY000] [2002] No se puede establecer una conexión ya que el equipo de destino denegó expresamente dicha conexión at C:\\Users\\OsmanSmith\\Desktop\\PROYECTOS\\landingPage\\sysifos-api\\vendor\\laravel\\framework\\src\\Illuminate\\Database\\Connectors\\Connector.php:66)
[stacktrace]
#0 C:\\Users\\OsmanSmith\\Desktop\\PROYECTOS\\landingPage\\sysifos-api\\vendor\\laravel\\framework\\src\\Illuminate\\Database\\Connectors\\Connector.php(66): PDO->__construct('mysql:host=127....', 'root', Object(SensitiveParameterValue), Array)
#1 C:\\Users\\OsmanSmith\\Desktop\\PROYECTOS\\landingPage\\sysifos-api\\vendor\\laravel\\framework\\src\\Illuminate\\Database\\Connectors\\Connector.php(44): Illuminate\\Database\\Connectors\\Connector->createPdoConnection('mysql:host=127....', 'root', Object(SensitiveParameterValue), Array)
#2 C:\\Users\\OsmanSmith\\Desktop\\PROYECTOS\\landingPage\\sysifos-api\\vendor\\laravel\\framework\\src\\Illuminate\\Database\\Connectors\\MySqlConnector.php(24): Illuminate\\Database\\Connectors\\Connector->createConnection('mysql:host=127....', Array, Array)
#3 C:\\Users\\OsmanSmith\\Desktop\\PROYECTOS\\landingPage\\sysifos-api\\vendor\\laravel\\framework\\src\\Illuminate\\Database\\Connectors\\ConnectionFactory.php(184): Illuminate\\Database\\Connectors\\MySqlConnector->connect(Array)
#4 [internal function]: Illuminate\\Database\\Connectors\\ConnectionFactory->Illuminate\\Database\\Connectors\\{closure}()
#5 C:\\Users\\OsmanSmith\\Desktop\\PROYECTOS\\landingPage\\sysifos-api\\vendor\\laravel\\framework\\src\\Illuminate\\Database\\Connection.php(1234): call_user_func(Object(Closure))
#6 C:\\Users\\OsmanSmith\\Desktop\\PROYECTOS\\landingPage\\sysifos-api\\vendor\\laravel\\framework\\src\\Illuminate\\Database\\Connection.php(1270): Illuminate\\Database\\Connection->getPdo()
#7 C:\\Users\\OsmanSmith\\Desktop\\PROYECTOS\\landingPage\\sysifos-api\\vendor\\laravel\\framework\\src\\Illuminate\\Database\\Connection.php(511): Illuminate\\Database\\Connection->getReadPdo()
#8 C:\\Users\\OsmanSmith\\Desktop\\PROYECTOS\\landingPage\\sysifos-api\\vendor\\laravel\\framework\\src\\Illuminate\\Database\\Connection.php(406): Illuminate\\Database\\Connection->getPdoForSelect(true)
#9 C:\\Users\\OsmanSmith\\Desktop\\PROYECTOS\\landingPage\\sysifos-api\\vendor\\laravel\\framework\\src\\Illuminate\\Database\\Connection.php(811): Illuminate\\Database\\Connection->Illuminate\\Database\\{closure}('select exists (...', Array)
#10 C:\\Users\\OsmanSmith\\Desktop\\PROYECTOS\\landingPage\\sysifos-api\\vendor\\laravel\\framework\\src\\Illuminate\\Database\\Connection.php(778): Illuminate\\Database\\Connection->runQueryCallback('select exists (...', Array, Object(Closure))
#11 C:\\Users\\OsmanSmith\\Desktop\\PROYECTOS\\landingPage\\sysifos-api\\vendor\\laravel\\framework\\src\\Illuminate\\Database\\Connection.php(397): Illuminate\\Database\\Connection->run('select exists (...', Array, Object(Closure))
#12 C:\\Users\\OsmanSmith\\Desktop\\PROYECTOS\\landingPage\\sysifos-api\\vendor\\laravel\\framework\\src\\Illuminate\\Database\\Connection.php(343): Illuminate\\Database\\Connection->select('select exists (...', Array, true)
#13 C:\\Users\\OsmanSmith\\Desktop\\PROYECTOS\\landingPage\\sysifos-api\\vendor\\laravel\\framework\\src\\Illuminate\\Database\\Connection.php(360): Illuminate\\Database\\Connection->selectOne('select exists (...', Array, true)
#14 C:\\Users\\OsmanSmith\\Desktop\\PROYECTOS\\landingPage\\sysifos-api\\vendor\\laravel\\framework\\src\\Illuminate\\Database\\Schema\\Builder.php(174): Illuminate\\Database\\Connection->scalar('select exists (...')
#15 C:\\Users\\OsmanSmith\\Desktop\\PROYECTOS\\landingPage\\sysifos-api\\vendor\\laravel\\framework\\src\\Illuminate\\Database\\Migrations\\DatabaseMigrationRepository.php(185): Illuminate\\Database\\Schema\\Builder->hasTable('migrations')
#16 C:\\Users\\OsmanSmith\\Desktop\\PROYECTOS\\landingPage\\sysifos-api\\vendor\\laravel\\framework\\src\\Illuminate\\Database\\Migrations\\Migrator.php(753): Illuminate\\Database\\Migrations\\DatabaseMigrationRepository->repositoryExists()
#17 C:\\Users\\OsmanSmith\\Desktop\\PROYECTOS\\landingPage\\sysifos-api\\vendor\\laravel\\framework\\src\\Illuminate\\Database\\Console\\Migrations\\MigrateCommand.php(164): Illuminate\\Database\\Migrations\\Migrator->repositoryExists()
#18 C:\\Users\\OsmanSmith\\Desktop\\PROYECTOS\\landingPage\\sysifos-api\\vendor\\laravel\\framework\\src\\Illuminate\\Support\\helpers.php(329): Illuminate\\Database\\Console\\Migrations\\MigrateCommand->Illuminate\\Database\\Console\\Migrations\\{closure}(1)
#19 C:\\Users\\OsmanSmith\\Desktop\\PROYECTOS\\landingPage\\sysifos-api\\vendor\\laravel\\framework\\src\\Illuminate\\Database\\Console\\Migrations\\MigrateCommand.php(164): retry(1, Object(Closure), 0, Object(Closure))
#20 C:\\Users\\OsmanSmith\\Desktop\\PROYECTOS\\landingPage\\sysifos-api\\vendor\\laravel\\framework\\src\\Illuminate\\Database\\Console\\Migrations\\MigrateCommand.php(140): Illuminate\\Database\\Console\\Migrations\\MigrateCommand->repositoryExists()
#21 C:\\Users\\OsmanSmith\\Desktop\\PROYECTOS\\landingPage\\sysifos-api\\vendor\\laravel\\framework\\src\\Illuminate\\Database\\Console\\Migrations\\MigrateCommand.php(110): Illuminate\\Database\\Console\\Migrations\\MigrateCommand->prepareDatabase()
#22 C:\\Users\\OsmanSmith\\Desktop\\PROYECTOS\\landingPage\\sysifos-api\\vendor\\laravel\\framework\\src\\Illuminate\\Database\\Migrations\\Migrator.php(666): Illuminate\\Database\\Console\\Migrations\\MigrateCommand->Illuminate\\Database\\Console\\Migrations\\{closure}()
#23 C:\\Users\\OsmanSmith\\Desktop\\PROYECTOS\\landingPage\\sysifos-api\\vendor\\laravel\\framework\\src\\Illuminate\\Database\\Console\\Migrations\\MigrateCommand.php(109): Illuminate\\Database\\Migrations\\Migrator->usingConnection(NULL, Object(Closure))
#24 C:\\Users\\OsmanSmith\\Desktop\\PROYECTOS\\landingPage\\sysifos-api\\vendor\\laravel\\framework\\src\\Illuminate\\Database\\Console\\Migrations\\MigrateCommand.php(88): Illuminate\\Database\\Console\\Migrations\\MigrateCommand->runMigrations()
#25 C:\\Users\\OsmanSmith\\Desktop\\PROYECTOS\\landingPage\\sysifos-api\\vendor\\laravel\\framework\\src\\Illuminate\\Container\\BoundMethod.php(36): Illuminate\\Database\\Console\\Migrations\\MigrateCommand->handle()
#26 C:\\Users\\OsmanSmith\\Desktop\\PROYECTOS\\landingPage\\sysifos-api\\vendor\\laravel\\framework\\src\\Illuminate\\Container\\Util.php(43): Illuminate\\Container\\BoundMethod::Illuminate\\Container\\{closure}()
#27 C:\\Users\\OsmanSmith\\Desktop\\PROYECTOS\\landingPage\\sysifos-api\\vendor\\laravel\\framework\\src\\Illuminate\\Container\\BoundMethod.php(96): Illuminate\\Container\\Util::unwrapIfClosure(Object(Closure))
#28 C:\\Users\\OsmanSmith\\Desktop\\PROYECTOS\\landingPage\\sysifos-api\\vendor\\laravel\\framework\\src\\Illuminate\\Container\\BoundMethod.php(35): Illuminate\\Container\\BoundMethod::callBoundMethod(Object(Illuminate\\Foundation\\Application), Array, Object(Closure))
#29 C:\\Users\\OsmanSmith\\Desktop\\PROYECTOS\\landingPage\\sysifos-api\\vendor\\laravel\\framework\\src\\Illuminate\\Container\\Container.php(836): Illuminate\\Container\\BoundMethod::call(Object(Illuminate\\Foundation\\Application), Array, Array, NULL)
#30 C:\\Users\\OsmanSmith\\Desktop\\PROYECTOS\\landingPage\\sysifos-api\\vendor\\laravel\\framework\\src\\Illuminate\\Console\\Command.php(211): Illuminate\\Container\\Container->call(Array)
#31 C:\\Users\\OsmanSmith\\Desktop\\PROYECTOS\\landingPage\\sysifos-api\\vendor\\symfony\\console\\Command\\Command.php(318): Illuminate\\Console\\Command->execute(Object(Symfony\\Component\\Console\\Input\\ArgvInput), Object(Illuminate\\Console\\OutputStyle))
#32 C:\\Users\\OsmanSmith\\Desktop\\PROYECTOS\\landingPage\\sysifos-api\\vendor\\laravel\\framework\\src\\Illuminate\\Console\\Command.php(180): Symfony\\Component\\Console\\Command\\Command->run(Object(Symfony\\Component\\Console\\Input\\ArgvInput), Object(Illuminate\\Console\\OutputStyle))
#33 C:\\Users\\OsmanSmith\\Desktop\\PROYECTOS\\landingPage\\sysifos-api\\vendor\\symfony\\console\\Application.php(1073): Illuminate\\Console\\Command->run(Object(Symfony\\Component\\Console\\Input\\ArgvInput), Object(Symfony\\Component\\Console\\Output\\ConsoleOutput))
#34 C:\\Users\\OsmanSmith\\Desktop\\PROYECTOS\\landingPage\\sysifos-api\\vendor\\symfony\\console\\Application.php(356): Symfony\\Component\\Console\\Application->doRunCommand(Object(Illuminate\\Database\\Console\\Migrations\\MigrateCommand), Object(Symfony\\Component\\Console\\Input\\ArgvInput), Object(Symfony\\Component\\Console\\Output\\ConsoleOutput))
#35 C:\\Users\\OsmanSmith\\Desktop\\PROYECTOS\\landingPage\\sysifos-api\\vendor\\symfony\\console\\Application.php(195): Symfony\\Component\\Console\\Application->doRun(Object(Symfony\\Component\\Console\\Input\\ArgvInput), Object(Symfony\\Component\\Console\\Output\\ConsoleOutput))
#36 C:\\Users\\OsmanSmith\\Desktop\\PROYECTOS\\landingPage\\sysifos-api\\vendor\\laravel\\framework\\src\\Illuminate\\Foundation\\Console\\Kernel.php(197): Symfony\\Component\\Console\\Application->run(Object(Symfony\\Component\\Console\\Input\\ArgvInput), Object(Symfony\\Component\\Console\\Output\\ConsoleOutput))
#37 C:\\Users\\OsmanSmith\\Desktop\\PROYECTOS\\landingPage\\sysifos-api\\vendor\\laravel\\framework\\src\\Illuminate\\Foundation\\Application.php(1235): Illuminate\\Foundation\\Console\\Kernel->handle(Object(Symfony\\Component\\Console\\Input\\ArgvInput), Object(Symfony\\Component\\Console\\Output\\ConsoleOutput))
#38 C:\\Users\\OsmanSmith\\Desktop\\PROYECTOS\\landingPage\\sysifos-api\\artisan(16): Illuminate\\Foundation\\Application->handleCommand(Object(Symfony\\Component\\Console\\Input\\ArgvInput))
#39 {main}
"} 
[2025-11-13 01:40:31] local.ERROR: SQLSTATE[HY000] [2002] No se puede establecer una conexión ya que el equipo de destino denegó expresamente dicha conexión (Connection: mysql, SQL: select * from `cache` where `key` in (laravel-cache-boost.roster.scan)) {"exception":"[object] (Illuminate\\Database\\QueryException(code: 2002): SQLSTATE[HY000] [2002] No se puede establecer una conexión ya que el equipo de destino denegó expresamente dicha conexión (Connection: mysql, SQL: select * from `cache` where `key` in (laravel-cache-boost.roster.scan)) at C:\\Users\\OsmanSmith\\Desktop\\PROYECTOS\\landingPage\\sysifos-api\\vendor\\laravel\\framework\\src\\Illuminate\\Database\\Connection.php:824)
[stacktrace]
#0 C:\\Users\\OsmanSmith\\Desktop\\PROYECTOS\\landingPage\\sysifos-api\\vendor\\laravel\\framework\\src\\Illuminate\\Database\\Connection.php(778): Illuminate\\Database\\Connection->runQueryCallback('select * from `...', Array, Object(Closure))
#1 C:\\Users\\OsmanSmith\\Desktop\\PROYECTOS\\landingPage\\sysifos-api\\vendor\\laravel\\framework\\src\\Illuminate\\Database\\Connection.php(397): Illuminate\\Database\\Connection->run('select * from `...', Array, Object(Closure))
#2 C:\\Users\\OsmanSmith\\Desktop\\PROYECTOS\\landingPage\\sysifos-api\\vendor\\laravel\\framework\\src\\Illuminate\\Database\\Query\\Builder.php(3188): Illuminate\\Database\\Connection->select('select * from `...', Array, true)
#3 C:\\Users\\OsmanSmith\\Desktop\\PROYECTOS\\landingPage\\sysifos-api\\vendor\\laravel\\framework\\src\\Illuminate\\Database\\Query\\Builder.php(3173): Illuminate\\Database\\Query\\Builder->runSelect()
#4 C:\\Users\\OsmanSmith\\Desktop\\PROYECTOS\\landingPage\\sysifos-api\\vendor\\laravel\\framework\\src\\Illuminate\\Database\\Query\\Builder.php(3763): Illuminate\\Database\\Query\\Builder->Illuminate\\Database\\Query\\{closure}()
#5 C:\\Users\\OsmanSmith\\Desktop\\PROYECTOS\\landingPage\\sysifos-api\\vendor\\laravel\\framework\\src\\Illuminate\\Database\\Query\\Builder.php(3172): Illuminate\\Database\\Query\\Builder->onceWithColumns(Array, Object(Closure))
#6 C:\\Users\\OsmanSmith\\Desktop\\PROYECTOS\\landingPage\\sysifos-api\\vendor\\laravel\\framework\\src\\Illuminate\\Cache\\DatabaseStore.php(130): Illuminate\\Database\\Query\\Builder->get()
#7 C:\\Users\\OsmanSmith\\Desktop\\PROYECTOS\\landingPage\\sysifos-api\\vendor\\laravel\\framework\\src\\Illuminate\\Cache\\DatabaseStore.php(105): Illuminate\\Cache\\DatabaseStore->many(Array)
#8 C:\\Users\\OsmanSmith\\Desktop\\PROYECTOS\\landingPage\\sysifos-api\\vendor\\laravel\\framework\\src\\Illuminate\\Cache\\Repository.php(119): Illuminate\\Cache\\DatabaseStore->get('boost.roster.sc...')
#9 C:\\Users\\OsmanSmith\\Desktop\\PROYECTOS\\landingPage\\sysifos-api\\vendor\\laravel\\framework\\src\\Illuminate\\Cache\\CacheManager.php(524): Illuminate\\Cache\\Repository->get('boost.roster.sc...')
#10 C:\\Users\\OsmanSmith\\Desktop\\PROYECTOS\\landingPage\\sysifos-api\\vendor\\laravel\\boost\\src\\BoostServiceProvider.php(48): Illuminate\\Cache\\CacheManager->__call('get', Array)
#11 C:\\Users\\OsmanSmith\\Desktop\\PROYECTOS\\landingPage\\sysifos-api\\vendor\\laravel\\framework\\src\\Illuminate\\Container\\Container.php(1154): Laravel\\Boost\\BoostServiceProvider->Laravel\\Boost\\{closure}(Object(Illuminate\\Foundation\\Application), Array)
#12 C:\\Users\\OsmanSmith\\Desktop\\PROYECTOS\\landingPage\\sysifos-api\\vendor\\laravel\\framework\\src\\Illuminate\\Container\\Container.php(972): Illuminate\\Container\\Container->build(Object(Closure))
#13 C:\\Users\\OsmanSmith\\Desktop\\PROYECTOS\\landingPage\\sysifos-api\\vendor\\laravel\\framework\\src\\Illuminate\\Foundation\\Application.php(1078): Illuminate\\Container\\Container->resolve('Laravel\\\\Roster\\\\...', Array, true)
#14 C:\\Users\\OsmanSmith\\Desktop\\PROYECTOS\\landingPage\\sysifos-api\\vendor\\laravel\\framework\\src\\Illuminate\\Container\\Container.php(903): Illuminate\\Foundation\\Application->resolve('Laravel\\\\Roster\\\\...', Array)
#15 C:\\Users\\OsmanSmith\\Desktop\\PROYECTOS\\landingPage\\sysifos-api\\vendor\\laravel\\framework\\src\\Illuminate\\Foundation\\Application.php(1058): Illuminate\\Container\\Container->make('Laravel\\\\Roster\\\\...', Array)
#16 C:\\Users\\OsmanSmith\\Desktop\\PROYECTOS\\landingPage\\sysifos-api\\vendor\\laravel\\framework\\src\\Illuminate\\Container\\Container.php(1379): Illuminate\\Foundation\\Application->make('Laravel\\\\Roster\\\\...')
#17 C:\\Users\\OsmanSmith\\Desktop\\PROYECTOS\\landingPage\\sysifos-api\\vendor\\laravel\\framework\\src\\Illuminate\\Container\\Container.php(1278): Illuminate\\Container\\Container->resolveClass(Object(ReflectionParameter))
#18 C:\\Users\\OsmanSmith\\Desktop\\PROYECTOS\\landingPage\\sysifos-api\\vendor\\laravel\\framework\\src\\Illuminate\\Container\\Container.php(1201): Illuminate\\Container\\Container->resolveDependencies(Array)
#19 C:\\Users\\OsmanSmith\\Desktop\\PROYECTOS\\landingPage\\sysifos-api\\vendor\\laravel\\framework\\src\\Illuminate\\Container\\Container.php(972): Illuminate\\Container\\Container->build('Laravel\\\\Boost\\\\I...')
#20 C:\\Users\\OsmanSmith\\Desktop\\PROYECTOS\\landingPage\\sysifos-api\\vendor\\laravel\\framework\\src\\Illuminate\\Foundation\\Application.php(1078): Illuminate\\Container\\Container->resolve('Laravel\\\\Boost\\\\I...', Array, true)
#21 C:\\Users\\OsmanSmith\\Desktop\\PROYECTOS\\landingPage\\sysifos-api\\vendor\\laravel\\framework\\src\\Illuminate\\Container\\Container.php(903): Illuminate\\Foundation\\Application->resolve('Laravel\\\\Boost\\\\I...', Array)
#22 C:\\Users\\OsmanSmith\\Desktop\\PROYECTOS\\landingPage\\sysifos-api\\vendor\\laravel\\framework\\src\\Illuminate\\Foundation\\Application.php(1058): Illuminate\\Container\\Container->make('Laravel\\\\Boost\\\\I...', Array)
#23 C:\\Users\\OsmanSmith\\Desktop\\PROYECTOS\\landingPage\\sysifos-api\\vendor\\laravel\\framework\\src\\Illuminate\\Foundation\\helpers.php(138): Illuminate\\Foundation\\Application->make('Laravel\\\\Boost\\\\I...', Array)
#24 C:\\Users\\OsmanSmith\\Desktop\\PROYECTOS\\landingPage\\sysifos-api\\vendor\\laravel\\boost\\src\\Console\\InstallCommand.php(305): app('Laravel\\\\Boost\\\\I...')
#25 C:\\Users\\OsmanSmith\\Desktop\\PROYECTOS\\landingPage\\sysifos-api\\vendor\\laravel\\boost\\src\\Console\\InstallCommand.php(151): Laravel\\Boost\\Console\\InstallCommand->selectAiGuidelines()
#26 C:\\Users\\OsmanSmith\\Desktop\\PROYECTOS\\landingPage\\sysifos-api\\vendor\\laravel\\boost\\src\\Console\\InstallCommand.php(98): Laravel\\Boost\\Console\\InstallCommand->collectInstallationPreferences()
#27 C:\\Users\\OsmanSmith\\Desktop\\PROYECTOS\\landingPage\\sysifos-api\\vendor\\laravel\\framework\\src\\Illuminate\\Container\\BoundMethod.php(36): Laravel\\Boost\\Console\\InstallCommand->handle(Object(Laravel\\Boost\\Install\\CodeEnvironmentsDetector), Object(Laravel\\Boost\\Install\\Herd), Object(Laravel\\Prompts\\Terminal))
#28 C:\\Users\\OsmanSmith\\Desktop\\PROYECTOS\\landingPage\\sysifos-api\\vendor\\laravel\\framework\\src\\Illuminate\\Container\\Util.php(43): Illuminate\\Container\\BoundMethod::Illuminate\\Container\\{closure}()
#29 C:\\Users\\OsmanSmith\\Desktop\\PROYECTOS\\landingPage\\sysifos-api\\vendor\\laravel\\framework\\src\\Illuminate\\Container\\BoundMethod.php(96): Illuminate\\Container\\Util::unwrapIfClosure(Object(Closure))
#30 C:\\Users\\OsmanSmith\\Desktop\\PROYECTOS\\landingPage\\sysifos-api\\vendor\\laravel\\framework\\src\\Illuminate\\Container\\BoundMethod.php(35): Illuminate\\Container\\BoundMethod::callBoundMethod(Object(Illuminate\\Foundation\\Application), Array, Object(Closure))
#31 C:\\Users\\OsmanSmith\\Desktop\\PROYECTOS\\landingPage\\sysifos-api\\vendor\\laravel\\framework\\src\\Illuminate\\Container\\Container.php(836): Illuminate\\Container\\BoundMethod::call(Object(Illuminate\\Foundation\\Application), Array, Array, NULL)
#32 C:\\Users\\OsmanSmith\\Desktop\\PROYECTOS\\landingPage\\sysifos-api\\vendor\\laravel\\framework\\src\\Illuminate\\Console\\Command.php(211): Illuminate\\Container\\Container->call(Array)
#33 C:\\Users\\OsmanSmith\\Desktop\\PROYECTOS\\landingPage\\sysifos-api\\vendor\\symfony\\console\\Command\\Command.php(318): Illuminate\\Console\\Command->execute(Object(Symfony\\Component\\Console\\Input\\ArgvInput), Object(Illuminate\\Console\\OutputStyle))
#34 C:\\Users\\OsmanSmith\\Desktop\\PROYECTOS\\landingPage\\sysifos-api\\vendor\\laravel\\framework\\src\\Illuminate\\Console\\Command.php(180): Symfony\\Component\\Console\\Command\\Command->run(Object(Symfony\\Component\\Console\\Input\\ArgvInput), Object(Illuminate\\Console\\OutputStyle))
#35 C:\\Users\\OsmanSmith\\Desktop\\PROYECTOS\\landingPage\\sysifos-api\\vendor\\symfony\\console\\Application.php(1073): Illuminate\\Console\\Command->run(Object(Symfony\\Component\\Console\\Input\\ArgvInput), Object(Symfony\\Component\\Console\\Output\\ConsoleOutput))
#36 C:\\Users\\OsmanSmith\\Desktop\\PROYECTOS\\landingPage\\sysifos-api\\vendor\\symfony\\console\\Application.php(356): Symfony\\Component\\Console\\Application->doRunCommand(Object(Laravel\\Boost\\Console\\InstallCommand), Object(Symfony\\Component\\Console\\Input\\ArgvInput), Object(Symfony\\Component\\Console\\Output\\ConsoleOutput))
#37 C:\\Users\\OsmanSmith\\Desktop\\PROYECTOS\\landingPage\\sysifos-api\\vendor\\symfony\\console\\Application.php(195): Symfony\\Component\\Console\\Application->doRun(Object(Symfony\\Component\\Console\\Input\\ArgvInput), Object(Symfony\\Component\\Console\\Output\\ConsoleOutput))
#38 C:\\Users\\OsmanSmith\\Desktop\\PROYECTOS\\landingPage\\sysifos-api\\vendor\\laravel\\framework\\src\\Illuminate\\Foundation\\Console\\Kernel.php(197): Symfony\\Component\\Console\\Application->run(Object(Symfony\\Component\\Console\\Input\\ArgvInput), Object(Symfony\\Component\\Console\\Output\\ConsoleOutput))
#39 C:\\Users\\OsmanSmith\\Desktop\\PROYECTOS\\landingPage\\sysifos-api\\vendor\\laravel\\framework\\src\\Illuminate\\Foundation\\Application.php(1235): Illuminate\\Foundation\\Console\\Kernel->handle(Object(Symfony\\Component\\Console\\Input\\ArgvInput), Object(Symfony\\Component\\Console\\Output\\ConsoleOutput))
#40 C:\\Users\\OsmanSmith\\Desktop\\PROYECTOS\\landingPage\\sysifos-api\\artisan(16): Illuminate\\Foundation\\Application->handleCommand(Object(Symfony\\Component\\Console\\Input\\ArgvInput))
#41 {main}

[previous exception] [object] (PDOException(code: 2002): SQLSTATE[HY000] [2002] No se puede establecer una conexión ya que el equipo de destino denegó expresamente dicha conexión at C:\\Users\\OsmanSmith\\Desktop\\PROYECTOS\\landingPage\\sysifos-api\\vendor\\laravel\\framework\\src\\Illuminate\\Database\\Connectors\\Connector.php:66)
[stacktrace]
#0 C:\\Users\\OsmanSmith\\Desktop\\PROYECTOS\\landingPage\\sysifos-api\\vendor\\laravel\\framework\\src\\Illuminate\\Database\\Connectors\\Connector.php(66): PDO->__construct('mysql:host=127....', 'root', Object(SensitiveParameterValue), Array)
#1 C:\\Users\\OsmanSmith\\Desktop\\PROYECTOS\\landingPage\\sysifos-api\\vendor\\laravel\\framework\\src\\Illuminate\\Database\\Connectors\\Connector.php(44): Illuminate\\Database\\Connectors\\Connector->createPdoConnection('mysql:host=127....', 'root', Object(SensitiveParameterValue), Array)
#2 C:\\Users\\OsmanSmith\\Desktop\\PROYECTOS\\landingPage\\sysifos-api\\vendor\\laravel\\framework\\src\\Illuminate\\Database\\Connectors\\MySqlConnector.php(24): Illuminate\\Database\\Connectors\\Connector->createConnection('mysql:host=127....', Array, Array)
#3 C:\\Users\\OsmanSmith\\Desktop\\PROYECTOS\\landingPage\\sysifos-api\\vendor\\laravel\\framework\\src\\Illuminate\\Database\\Connectors\\ConnectionFactory.php(184): Illuminate\\Database\\Connectors\\MySqlConnector->connect(Array)
#4 [internal function]: Illuminate\\Database\\Connectors\\ConnectionFactory->Illuminate\\Database\\Connectors\\{closure}()
#5 C:\\Users\\OsmanSmith\\Desktop\\PROYECTOS\\landingPage\\sysifos-api\\vendor\\laravel\\framework\\src\\Illuminate\\Database\\Connection.php(1234): call_user_func(Object(Closure))
#6 C:\\Users\\OsmanSmith\\Desktop\\PROYECTOS\\landingPage\\sysifos-api\\vendor\\laravel\\framework\\src\\Illuminate\\Database\\Connection.php(1270): Illuminate\\Database\\Connection->getPdo()
#7 C:\\Users\\OsmanSmith\\Desktop\\PROYECTOS\\landingPage\\sysifos-api\\vendor\\laravel\\framework\\src\\Illuminate\\Database\\Connection.php(511): Illuminate\\Database\\Connection->getReadPdo()
#8 C:\\Users\\OsmanSmith\\Desktop\\PROYECTOS\\landingPage\\sysifos-api\\vendor\\laravel\\framework\\src\\Illuminate\\Database\\Connection.php(406): Illuminate\\Database\\Connection->getPdoForSelect(true)
#9 C:\\Users\\OsmanSmith\\Desktop\\PROYECTOS\\landingPage\\sysifos-api\\vendor\\laravel\\framework\\src\\Illuminate\\Database\\Connection.php(811): Illuminate\\Database\\Connection->Illuminate\\Database\\{closure}('select * from `...', Array)
#10 C:\\Users\\OsmanSmith\\Desktop\\PROYECTOS\\landingPage\\sysifos-api\\vendor\\laravel\\framework\\src\\Illuminate\\Database\\Connection.php(778): Illuminate\\Database\\Connection->runQueryCallback('select * from `...', Array, Object(Closure))
#11 C:\\Users\\OsmanSmith\\Desktop\\PROYECTOS\\landingPage\\sysifos-api\\vendor\\laravel\\framework\\src\\Illuminate\\Database\\Connection.php(397): Illuminate\\Database\\Connection->run('select * from `...', Array, Object(Closure))
#12 C:\\Users\\OsmanSmith\\Desktop\\PROYECTOS\\landingPage\\sysifos-api\\vendor\\laravel\\framework\\src\\Illuminate\\Database\\Query\\Builder.php(3188): Illuminate\\Database\\Connection->select('select * from `...', Array, true)
#13 C:\\Users\\OsmanSmith\\Desktop\\PROYECTOS\\landingPage\\sysifos-api\\vendor\\laravel\\framework\\src\\Illuminate\\Database\\Query\\Builder.php(3173): Illuminate\\Database\\Query\\Builder->runSelect()
#14 C:\\Users\\OsmanSmith\\Desktop\\PROYECTOS\\landingPage\\sysifos-api\\vendor\\laravel\\framework\\src\\Illuminate\\Database\\Query\\Builder.php(3763): Illuminate\\Database\\Query\\Builder->Illuminate\\Database\\Query\\{closure}()
#15 C:\\Users\\OsmanSmith\\Desktop\\PROYECTOS\\landingPage\\sysifos-api\\vendor\\laravel\\framework\\src\\Illuminate\\Database\\Query\\Builder.php(3172): Illuminate\\Database\\Query\\Builder->onceWithColumns(Array, Object(Closure))
#16 C:\\Users\\OsmanSmith\\Desktop\\PROYECTOS\\landingPage\\sysifos-api\\vendor\\laravel\\framework\\src\\Illuminate\\Cache\\DatabaseStore.php(130): Illuminate\\Database\\Query\\Builder->get()
#17 C:\\Users\\OsmanSmith\\Desktop\\PROYECTOS\\landingPage\\sysifos-api\\vendor\\laravel\\framework\\src\\Illuminate\\Cache\\DatabaseStore.php(105): Illuminate\\Cache\\DatabaseStore->many(Array)
#18 C:\\Users\\OsmanSmith\\Desktop\\PROYECTOS\\landingPage\\sysifos-api\\vendor\\laravel\\framework\\src\\Illuminate\\Cache\\Repository.php(119): Illuminate\\Cache\\DatabaseStore->get('boost.roster.sc...')
#19 C:\\Users\\OsmanSmith\\Desktop\\PROYECTOS\\landingPage\\sysifos-api\\vendor\\laravel\\framework\\src\\Illuminate\\Cache\\CacheManager.php(524): Illuminate\\Cache\\Repository->get('boost.roster.sc...')
#20 C:\\Users\\OsmanSmith\\Desktop\\PROYECTOS\\landingPage\\sysifos-api\\vendor\\laravel\\boost\\src\\BoostServiceProvider.php(48): Illuminate\\Cache\\CacheManager->__call('get', Array)
#21 C:\\Users\\OsmanSmith\\Desktop\\PROYECTOS\\landingPage\\sysifos-api\\vendor\\laravel\\framework\\src\\Illuminate\\Container\\Container.php(1154): Laravel\\Boost\\BoostServiceProvider->Laravel\\Boost\\{closure}(Object(Illuminate\\Foundation\\Application), Array)
#22 C:\\Users\\OsmanSmith\\Desktop\\PROYECTOS\\landingPage\\sysifos-api\\vendor\\laravel\\framework\\src\\Illuminate\\Container\\Container.php(972): Illuminate\\Container\\Container->build(Object(Closure))
#23 C:\\Users\\OsmanSmith\\Desktop\\PROYECTOS\\landingPage\\sysifos-api\\vendor\\laravel\\framework\\src\\Illuminate\\Foundation\\Application.php(1078): Illuminate\\Container\\Container->resolve('Laravel\\\\Roster\\\\...', Array, true)
#24 C:\\Users\\OsmanSmith\\Desktop\\PROYECTOS\\landingPage\\sysifos-api\\vendor\\laravel\\framework\\src\\Illuminate\\Container\\Container.php(903): Illuminate\\Foundation\\Application->resolve('Laravel\\\\Roster\\\\...', Array)
#25 C:\\Users\\OsmanSmith\\Desktop\\PROYECTOS\\landingPage\\sysifos-api\\vendor\\laravel\\framework\\src\\Illuminate\\Foundation\\Application.php(1058): Illuminate\\Container\\Container->make('Laravel\\\\Roster\\\\...', Array)
#26 C:\\Users\\OsmanSmith\\Desktop\\PROYECTOS\\landingPage\\sysifos-api\\vendor\\laravel\\framework\\src\\Illuminate\\Container\\Container.php(1379): Illuminate\\Foundation\\Application->make('Laravel\\\\Roster\\\\...')
#27 C:\\Users\\OsmanSmith\\Desktop\\PROYECTOS\\landingPage\\sysifos-api\\vendor\\laravel\\framework\\src\\Illuminate\\Container\\Container.php(1278): Illuminate\\Container\\Container->resolveClass(Object(ReflectionParameter))
#28 C:\\Users\\OsmanSmith\\Desktop\\PROYECTOS\\landingPage\\sysifos-api\\vendor\\laravel\\framework\\src\\Illuminate\\Container\\Container.php(1201): Illuminate\\Container\\Container->resolveDependencies(Array)
#29 C:\\Users\\OsmanSmith\\Desktop\\PROYECTOS\\landingPage\\sysifos-api\\vendor\\laravel\\framework\\src\\Illuminate\\Container\\Container.php(972): Illuminate\\Container\\Container->build('Laravel\\\\Boost\\\\I...')
#30 C:\\Users\\OsmanSmith\\Desktop\\PROYECTOS\\landingPage\\sysifos-api\\vendor\\laravel\\framework\\src\\Illuminate\\Foundation\\Application.php(1078): Illuminate\\Container\\Container->resolve('Laravel\\\\Boost\\\\I...', Array, true)
#31 C:\\Users\\OsmanSmith\\Desktop\\PROYECTOS\\landingPage\\sysifos-api\\vendor\\laravel\\framework\\src\\Illuminate\\Container\\Container.php(903): Illuminate\\Foundation\\Application->resolve('Laravel\\\\Boost\\\\I...', Array)
#32 C:\\Users\\OsmanSmith\\Desktop\\PROYECTOS\\landingPage\\sysifos-api\\vendor\\laravel\\framework\\src\\Illuminate\\Foundation\\Application.php(1058): Illuminate\\Container\\Container->make('Laravel\\\\Boost\\\\I...', Array)
#33 C:\\Users\\OsmanSmith\\Desktop\\PROYECTOS\\landingPage\\sysifos-api\\vendor\\laravel\\framework\\src\\Illuminate\\Foundation\\helpers.php(138): Illuminate\\Foundation\\Application->make('Laravel\\\\Boost\\\\I...', Array)
#34 C:\\Users\\OsmanSmith\\Desktop\\PROYECTOS\\landingPage\\sysifos-api\\vendor\\laravel\\boost\\src\\Console\\InstallCommand.php(305): app('Laravel\\\\Boost\\\\I...')
#35 C:\\Users\\OsmanSmith\\Desktop\\PROYECTOS\\landingPage\\sysifos-api\\vendor\\laravel\\boost\\src\\Console\\InstallCommand.php(151): Laravel\\Boost\\Console\\InstallCommand->selectAiGuidelines()
#36 C:\\Users\\OsmanSmith\\Desktop\\PROYECTOS\\landingPage\\sysifos-api\\vendor\\laravel\\boost\\src\\Console\\InstallCommand.php(98): Laravel\\Boost\\Console\\InstallCommand->collectInstallationPreferences()
#37 C:\\Users\\OsmanSmith\\Desktop\\PROYECTOS\\landingPage\\sysifos-api\\vendor\\laravel\\framework\\src\\Illuminate\\Container\\BoundMethod.php(36): Laravel\\Boost\\Console\\InstallCommand->handle(Object(Laravel\\Boost\\Install\\CodeEnvironmentsDetector), Object(Laravel\\Boost\\Install\\Herd), Object(Laravel\\Prompts\\Terminal))
#38 C:\\Users\\OsmanSmith\\Desktop\\PROYECTOS\\landingPage\\sysifos-api\\vendor\\laravel\\framework\\src\\Illuminate\\Container\\Util.php(43): Illuminate\\Container\\BoundMethod::Illuminate\\Container\\{closure}()
#39 C:\\Users\\OsmanSmith\\Desktop\\PROYECTOS\\landingPage\\sysifos-api\\vendor\\laravel\\framework\\src\\Illuminate\\Container\\BoundMethod.php(96): Illuminate\\Container\\Util::unwrapIfClosure(Object(Closure))
#40 C:\\Users\\OsmanSmith\\Desktop\\PROYECTOS\\landingPage\\sysifos-api\\vendor\\laravel\\framework\\src\\Illuminate\\Container\\BoundMethod.php(35): Illuminate\\Container\\BoundMethod::callBoundMethod(Object(Illuminate\\Foundation\\Application), Array, Object(Closure))
#41 C:\\Users\\OsmanSmith\\Desktop\\PROYECTOS\\landingPage\\sysifos-api\\vendor\\laravel\\framework\\src\\Illuminate\\Container\\Container.php(836): Illuminate\\Container\\BoundMethod::call(Object(Illuminate\\Foundation\\Application), Array, Array, NULL)
#42 C:\\Users\\OsmanSmith\\Desktop\\PROYECTOS\\landingPage\\sysifos-api\\vendor\\laravel\\framework\\src\\Illuminate\\Console\\Command.php(211): Illuminate\\Container\\Container->call(Array)
#43 C:\\Users\\OsmanSmith\\Desktop\\PROYECTOS\\landingPage\\sysifos-api\\vendor\\symfony\\console\\Command\\Command.php(318): Illuminate\\Console\\Command->execute(Object(Symfony\\Component\\Console\\Input\\ArgvInput), Object(Illuminate\\Console\\OutputStyle))
#44 C:\\Users\\OsmanSmith\\Desktop\\PROYECTOS\\landingPage\\sysifos-api\\vendor\\laravel\\framework\\src\\Illuminate\\Console\\Command.php(180): Symfony\\Component\\Console\\Command\\Command->run(Object(Symfony\\Component\\Console\\Input\\ArgvInput), Object(Illuminate\\Console\\OutputStyle))
#45 C:\\Users\\OsmanSmith\\Desktop\\PROYECTOS\\landingPage\\sysifos-api\\vendor\\symfony\\console\\Application.php(1073): Illuminate\\Console\\Command->run(Object(Symfony\\Component\\Console\\Input\\ArgvInput), Object(Symfony\\Component\\Console\\Output\\ConsoleOutput))
#46 C:\\Users\\OsmanSmith\\Desktop\\PROYECTOS\\landingPage\\sysifos-api\\vendor\\symfony\\console\\Application.php(356): Symfony\\Component\\Console\\Application->doRunCommand(Object(Laravel\\Boost\\Console\\InstallCommand), Object(Symfony\\Component\\Console\\Input\\ArgvInput), Object(Symfony\\Component\\Console\\Output\\ConsoleOutput))
#47 C:\\Users\\OsmanSmith\\Desktop\\PROYECTOS\\landingPage\\sysifos-api\\vendor\\symfony\\console\\Application.php(195): Symfony\\Component\\Console\\Application->doRun(Object(Symfony\\Component\\Console\\Input\\ArgvInput), Object(Symfony\\Component\\Console\\Output\\ConsoleOutput))
#48 C:\\Users\\OsmanSmith\\Desktop\\PROYECTOS\\landingPage\\sysifos-api\\vendor\\laravel\\framework\\src\\Illuminate\\Foundation\\Console\\Kernel.php(197): Symfony\\Component\\Console\\Application->run(Object(Symfony\\Component\\Console\\Input\\ArgvInput), Object(Symfony\\Component\\Console\\Output\\ConsoleOutput))
#49 C:\\Users\\OsmanSmith\\Desktop\\PROYECTOS\\landingPage\\sysifos-api\\vendor\\laravel\\framework\\src\\Illuminate\\Foundation\\Application.php(1235): Illuminate\\Foundation\\Console\\Kernel->handle(Object(Symfony\\Component\\Console\\Input\\ArgvInput), Object(Symfony\\Component\\Console\\Output\\ConsoleOutput))
#50 C:\\Users\\OsmanSmith\\Desktop\\PROYECTOS\\landingPage\\sysifos-api\\artisan(16): Illuminate\\Foundation\\Application->handleCommand(Object(Symfony\\Component\\Console\\Input\\ArgvInput))
#51 {main}
"} 
[2025-11-13 01:45:39] local.ERROR: SQLSTATE[HY000] [1049] Unknown database 'sysifos_api' (Connection: mysql, SQL: select * from `cache` where `key` in (laravel-cache-boost.roster.scan)) {"exception":"[object] (Illuminate\\Database\\QueryException(code: 1049): SQLSTATE[HY000] [1049] Unknown database 'sysifos_api' (Connection: mysql, SQL: select * from `cache` where `key` in (laravel-cache-boost.roster.scan)) at C:\\Users\\OsmanSmith\\Desktop\\PROYECTOS\\landingPage\\vendor\\laravel\\framework\\src\\Illuminate\\Database\\Connection.php:824)
[stacktrace]
#0 C:\\Users\\OsmanSmith\\Desktop\\PROYECTOS\\landingPage\\vendor\\laravel\\framework\\src\\Illuminate\\Database\\Connection.php(778): Illuminate\\Database\\Connection->runQueryCallback('select * from `...', Array, Object(Closure))
#1 C:\\Users\\OsmanSmith\\Desktop\\PROYECTOS\\landingPage\\vendor\\laravel\\framework\\src\\Illuminate\\Database\\Connection.php(397): Illuminate\\Database\\Connection->run('select * from `...', Array, Object(Closure))
#2 C:\\Users\\OsmanSmith\\Desktop\\PROYECTOS\\landingPage\\vendor\\laravel\\framework\\src\\Illuminate\\Database\\Query\\Builder.php(3188): Illuminate\\Database\\Connection->select('select * from `...', Array, true)
#3 C:\\Users\\OsmanSmith\\Desktop\\PROYECTOS\\landingPage\\vendor\\laravel\\framework\\src\\Illuminate\\Database\\Query\\Builder.php(3173): Illuminate\\Database\\Query\\Builder->runSelect()
#4 C:\\Users\\OsmanSmith\\Desktop\\PROYECTOS\\landingPage\\vendor\\laravel\\framework\\src\\Illuminate\\Database\\Query\\Builder.php(3763): Illuminate\\Database\\Query\\Builder->Illuminate\\Database\\Query\\{closure}()
#5 C:\\Users\\OsmanSmith\\Desktop\\PROYECTOS\\landingPage\\vendor\\laravel\\framework\\src\\Illuminate\\Database\\Query\\Builder.php(3172): Illuminate\\Database\\Query\\Builder->onceWithColumns(Array, Object(Closure))
#6 C:\\Users\\OsmanSmith\\Desktop\\PROYECTOS\\landingPage\\vendor\\laravel\\framework\\src\\Illuminate\\Cache\\DatabaseStore.php(130): Illuminate\\Database\\Query\\Builder->get()
#7 C:\\Users\\OsmanSmith\\Desktop\\PROYECTOS\\landingPage\\vendor\\laravel\\framework\\src\\Illuminate\\Cache\\DatabaseStore.php(105): Illuminate\\Cache\\DatabaseStore->many(Array)
#8 C:\\Users\\OsmanSmith\\Desktop\\PROYECTOS\\landingPage\\vendor\\laravel\\framework\\src\\Illuminate\\Cache\\Repository.php(119): Illuminate\\Cache\\DatabaseStore->get('boost.roster.sc...')
#9 C:\\Users\\OsmanSmith\\Desktop\\PROYECTOS\\landingPage\\vendor\\laravel\\framework\\src\\Illuminate\\Cache\\CacheManager.php(524): Illuminate\\Cache\\Repository->get('boost.roster.sc...')
#10 C:\\Users\\OsmanSmith\\Desktop\\PROYECTOS\\landingPage\\vendor\\laravel\\boost\\src\\BoostServiceProvider.php(48): Illuminate\\Cache\\CacheManager->__call('get', Array)
#11 C:\\Users\\OsmanSmith\\Desktop\\PROYECTOS\\landingPage\\vendor\\laravel\\framework\\src\\Illuminate\\Container\\Container.php(1154): Laravel\\Boost\\BoostServiceProvider->Laravel\\Boost\\{closure}(Object(Illuminate\\Foundation\\Application), Array)
#12 C:\\Users\\OsmanSmith\\Desktop\\PROYECTOS\\landingPage\\vendor\\laravel\\framework\\src\\Illuminate\\Container\\Container.php(972): Illuminate\\Container\\Container->build(Object(Closure))
#13 C:\\Users\\OsmanSmith\\Desktop\\PROYECTOS\\landingPage\\vendor\\laravel\\framework\\src\\Illuminate\\Foundation\\Application.php(1078): Illuminate\\Container\\Container->resolve('Laravel\\\\Roster\\\\...', Array, true)
#14 C:\\Users\\OsmanSmith\\Desktop\\PROYECTOS\\landingPage\\vendor\\laravel\\framework\\src\\Illuminate\\Container\\Container.php(903): Illuminate\\Foundation\\Application->resolve('Laravel\\\\Roster\\\\...', Array)
#15 C:\\Users\\OsmanSmith\\Desktop\\PROYECTOS\\landingPage\\vendor\\laravel\\framework\\src\\Illuminate\\Foundation\\Application.php(1058): Illuminate\\Container\\Container->make('Laravel\\\\Roster\\\\...', Array)
#16 C:\\Users\\OsmanSmith\\Desktop\\PROYECTOS\\landingPage\\vendor\\laravel\\framework\\src\\Illuminate\\Container\\Container.php(1379): Illuminate\\Foundation\\Application->make('Laravel\\\\Roster\\\\...')
#17 C:\\Users\\OsmanSmith\\Desktop\\PROYECTOS\\landingPage\\vendor\\laravel\\framework\\src\\Illuminate\\Container\\Container.php(1278): Illuminate\\Container\\Container->resolveClass(Object(ReflectionParameter))
#18 C:\\Users\\OsmanSmith\\Desktop\\PROYECTOS\\landingPage\\vendor\\laravel\\framework\\src\\Illuminate\\Container\\Container.php(1201): Illuminate\\Container\\Container->resolveDependencies(Array)
#19 C:\\Users\\OsmanSmith\\Desktop\\PROYECTOS\\landingPage\\vendor\\laravel\\framework\\src\\Illuminate\\Container\\Container.php(972): Illuminate\\Container\\Container->build('Laravel\\\\Boost\\\\I...')
#20 C:\\Users\\OsmanSmith\\Desktop\\PROYECTOS\\landingPage\\vendor\\laravel\\framework\\src\\Illuminate\\Foundation\\Application.php(1078): Illuminate\\Container\\Container->resolve('Laravel\\\\Boost\\\\I...', Array, true)
#21 C:\\Users\\OsmanSmith\\Desktop\\PROYECTOS\\landingPage\\vendor\\laravel\\framework\\src\\Illuminate\\Container\\Container.php(903): Illuminate\\Foundation\\Application->resolve('Laravel\\\\Boost\\\\I...', Array)
#22 C:\\Users\\OsmanSmith\\Desktop\\PROYECTOS\\landingPage\\vendor\\laravel\\framework\\src\\Illuminate\\Foundation\\Application.php(1058): Illuminate\\Container\\Container->make('Laravel\\\\Boost\\\\I...', Array)
#23 C:\\Users\\OsmanSmith\\Desktop\\PROYECTOS\\landingPage\\vendor\\laravel\\framework\\src\\Illuminate\\Foundation\\helpers.php(138): Illuminate\\Foundation\\Application->make('Laravel\\\\Boost\\\\I...', Array)
#24 C:\\Users\\OsmanSmith\\Desktop\\PROYECTOS\\landingPage\\vendor\\laravel\\boost\\src\\Console\\InstallCommand.php(305): app('Laravel\\\\Boost\\\\I...')
#25 C:\\Users\\OsmanSmith\\Desktop\\PROYECTOS\\landingPage\\vendor\\laravel\\boost\\src\\Console\\InstallCommand.php(151): Laravel\\Boost\\Console\\InstallCommand->selectAiGuidelines()
#26 C:\\Users\\OsmanSmith\\Desktop\\PROYECTOS\\landingPage\\vendor\\laravel\\boost\\src\\Console\\InstallCommand.php(98): Laravel\\Boost\\Console\\InstallCommand->collectInstallationPreferences()
#27 C:\\Users\\OsmanSmith\\Desktop\\PROYECTOS\\landingPage\\vendor\\laravel\\framework\\src\\Illuminate\\Container\\BoundMethod.php(36): Laravel\\Boost\\Console\\InstallCommand->handle(Object(Laravel\\Boost\\Install\\CodeEnvironmentsDetector), Object(Laravel\\Boost\\Install\\Herd), Object(Laravel\\Prompts\\Terminal))
#28 C:\\Users\\OsmanSmith\\Desktop\\PROYECTOS\\landingPage\\vendor\\laravel\\framework\\src\\Illuminate\\Container\\Util.php(43): Illuminate\\Container\\BoundMethod::Illuminate\\Container\\{closure}()
#29 C:\\Users\\OsmanSmith\\Desktop\\PROYECTOS\\landingPage\\vendor\\laravel\\framework\\src\\Illuminate\\Container\\BoundMethod.php(96): Illuminate\\Container\\Util::unwrapIfClosure(Object(Closure))
#30 C:\\Users\\OsmanSmith\\Desktop\\PROYECTOS\\landingPage\\vendor\\laravel\\framework\\src\\Illuminate\\Container\\BoundMethod.php(35): Illuminate\\Container\\BoundMethod::callBoundMethod(Object(Illuminate\\Foundation\\Application), Array, Object(Closure))
#31 C:\\Users\\OsmanSmith\\Desktop\\PROYECTOS\\landingPage\\vendor\\laravel\\framework\\src\\Illuminate\\Container\\Container.php(836): Illuminate\\Container\\BoundMethod::call(Object(Illuminate\\Foundation\\Application), Array, Array, NULL)
#32 C:\\Users\\OsmanSmith\\Desktop\\PROYECTOS\\landingPage\\vendor\\laravel\\framework\\src\\Illuminate\\Console\\Command.php(211): Illuminate\\Container\\Container->call(Array)
#33 C:\\Users\\OsmanSmith\\Desktop\\PROYECTOS\\landingPage\\vendor\\symfony\\console\\Command\\Command.php(318): Illuminate\\Console\\Command->execute(Object(Symfony\\Component\\Console\\Input\\ArrayInput), Object(Illuminate\\Console\\OutputStyle))
#34 C:\\Users\\OsmanSmith\\Desktop\\PROYECTOS\\landingPage\\vendor\\laravel\\framework\\src\\Illuminate\\Console\\Command.php(180): Symfony\\Component\\Console\\Command\\Command->run(Object(Symfony\\Component\\Console\\Input\\ArrayInput), Object(Illuminate\\Console\\OutputStyle))
#35 C:\\Users\\OsmanSmith\\Desktop\\PROYECTOS\\landingPage\\vendor\\laravel\\framework\\src\\Illuminate\\Console\\Concerns\\CallsCommands.php(68): Illuminate\\Console\\Command->run(Object(Symfony\\Component\\Console\\Input\\ArrayInput), Object(Symfony\\Component\\Console\\Output\\NullOutput))
#36 C:\\Users\\OsmanSmith\\Desktop\\PROYECTOS\\landingPage\\vendor\\laravel\\framework\\src\\Illuminate\\Console\\Concerns\\CallsCommands.php(41): Illuminate\\Console\\Command->runCommand('Laravel\\\\Boost\\\\C...', Array, Object(Symfony\\Component\\Console\\Output\\NullOutput))
#37 C:\\Users\\OsmanSmith\\Desktop\\PROYECTOS\\landingPage\\vendor\\laravel\\framework\\src\\Illuminate\\Console\\Concerns\\CallsCommands.php(53): Illuminate\\Console\\Command->callSilent('Laravel\\\\Boost\\\\C...', Array)
#38 C:\\Users\\OsmanSmith\\Desktop\\PROYECTOS\\landingPage\\vendor\\laravel\\boost\\src\\Console\\UpdateCommand.php(15): Illuminate\\Console\\Command->callSilently('Laravel\\\\Boost\\\\C...', Array)
#39 C:\\Users\\OsmanSmith\\Desktop\\PROYECTOS\\landingPage\\vendor\\laravel\\framework\\src\\Illuminate\\Container\\BoundMethod.php(36): Laravel\\Boost\\Console\\UpdateCommand->handle()
#40 C:\\Users\\OsmanSmith\\Desktop\\PROYECTOS\\landingPage\\vendor\\laravel\\framework\\src\\Illuminate\\Container\\Util.php(43): Illuminate\\Container\\BoundMethod::Illuminate\\Container\\{closure}()
#41 C:\\Users\\OsmanSmith\\Desktop\\PROYECTOS\\landingPage\\vendor\\laravel\\framework\\src\\Illuminate\\Container\\BoundMethod.php(96): Illuminate\\Container\\Util::unwrapIfClosure(Object(Closure))
#42 C:\\Users\\OsmanSmith\\Desktop\\PROYECTOS\\landingPage\\vendor\\laravel\\framework\\src\\Illuminate\\Container\\BoundMethod.php(35): Illuminate\\Container\\BoundMethod::callBoundMethod(Object(Illuminate\\Foundation\\Application), Array, Object(Closure))
#43 C:\\Users\\OsmanSmith\\Desktop\\PROYECTOS\\landingPage\\vendor\\laravel\\framework\\src\\Illuminate\\Container\\Container.php(836): Illuminate\\Container\\BoundMethod::call(Object(Illuminate\\Foundation\\Application), Array, Array, NULL)
#44 C:\\Users\\OsmanSmith\\Desktop\\PROYECTOS\\landingPage\\vendor\\laravel\\framework\\src\\Illuminate\\Console\\Command.php(211): Illuminate\\Container\\Container->call(Array)
#45 C:\\Users\\OsmanSmith\\Desktop\\PROYECTOS\\landingPage\\vendor\\symfony\\console\\Command\\Command.php(318): Illuminate\\Console\\Command->execute(Object(Symfony\\Component\\Console\\Input\\ArgvInput), Object(Illuminate\\Console\\OutputStyle))
#46 C:\\Users\\OsmanSmith\\Desktop\\PROYECTOS\\landingPage\\vendor\\laravel\\framework\\src\\Illuminate\\Console\\Command.php(180): Symfony\\Component\\Console\\Command\\Command->run(Object(Symfony\\Component\\Console\\Input\\ArgvInput), Object(Illuminate\\Console\\OutputStyle))
#47 C:\\Users\\OsmanSmith\\Desktop\\PROYECTOS\\landingPage\\vendor\\symfony\\console\\Application.php(1073): Illuminate\\Console\\Command->run(Object(Symfony\\Component\\Console\\Input\\ArgvInput), Object(Symfony\\Component\\Console\\Output\\ConsoleOutput))
#48 C:\\Users\\OsmanSmith\\Desktop\\PROYECTOS\\landingPage\\vendor\\symfony\\console\\Application.php(356): Symfony\\Component\\Console\\Application->doRunCommand(Object(Laravel\\Boost\\Console\\UpdateCommand), Object(Symfony\\Component\\Console\\Input\\ArgvInput), Object(Symfony\\Component\\Console\\Output\\ConsoleOutput))
#49 C:\\Users\\OsmanSmith\\Desktop\\PROYECTOS\\landingPage\\vendor\\symfony\\console\\Application.php(195): Symfony\\Component\\Console\\Application->doRun(Object(Symfony\\Component\\Console\\Input\\ArgvInput), Object(Symfony\\Component\\Console\\Output\\ConsoleOutput))
#50 C:\\Users\\OsmanSmith\\Desktop\\PROYECTOS\\landingPage\\vendor\\laravel\\framework\\src\\Illuminate\\Foundation\\Console\\Kernel.php(197): Symfony\\Component\\Console\\Application->run(Object(Symfony\\Component\\Console\\Input\\ArgvInput), Object(Symfony\\Component\\Console\\Output\\ConsoleOutput))
#51 C:\\Users\\OsmanSmith\\Desktop\\PROYECTOS\\landingPage\\vendor\\laravel\\framework\\src\\Illuminate\\Foundation\\Application.php(1235): Illuminate\\Foundation\\Console\\Kernel->handle(Object(Symfony\\Component\\Console\\Input\\ArgvInput), Object(Symfony\\Component\\Console\\Output\\ConsoleOutput))
#52 C:\\Users\\OsmanSmith\\Desktop\\PROYECTOS\\landingPage\\artisan(16): Illuminate\\Foundation\\Application->handleCommand(Object(Symfony\\Component\\Console\\Input\\ArgvInput))
#53 {main}

[previous exception] [object] (PDOException(code: 1049): SQLSTATE[HY000] [1049] Unknown database 'sysifos_api' at C:\\Users\\OsmanSmith\\Desktop\\PROYECTOS\\landingPage\\vendor\\laravel\\framework\\src\\Illuminate\\Database\\Connectors\\Connector.php:66)
[stacktrace]
#0 C:\\Users\\OsmanSmith\\Desktop\\PROYECTOS\\landingPage\\vendor\\laravel\\framework\\src\\Illuminate\\Database\\Connectors\\Connector.php(66): PDO->__construct('mysql:host=127....', 'root', Object(SensitiveParameterValue), Array)
#1 C:\\Users\\OsmanSmith\\Desktop\\PROYECTOS\\landingPage\\vendor\\laravel\\framework\\src\\Illuminate\\Database\\Connectors\\Connector.php(44): Illuminate\\Database\\Connectors\\Connector->createPdoConnection('mysql:host=127....', 'root', Object(SensitiveParameterValue), Array)
#2 C:\\Users\\OsmanSmith\\Desktop\\PROYECTOS\\landingPage\\vendor\\laravel\\framework\\src\\Illuminate\\Database\\Connectors\\MySqlConnector.php(24): Illuminate\\Database\\Connectors\\Connector->createConnection('mysql:host=127....', Array, Array)
#3 C:\\Users\\OsmanSmith\\Desktop\\PROYECTOS\\landingPage\\vendor\\laravel\\framework\\src\\Illuminate\\Database\\Connectors\\ConnectionFactory.php(184): Illuminate\\Database\\Connectors\\MySqlConnector->connect(Array)
#4 [internal function]: Illuminate\\Database\\Connectors\\ConnectionFactory->Illuminate\\Database\\Connectors\\{closure}()
#5 C:\\Users\\OsmanSmith\\Desktop\\PROYECTOS\\landingPage\\vendor\\laravel\\framework\\src\\Illuminate\\Database\\Connection.php(1234): call_user_func(Object(Closure))
#6 C:\\Users\\OsmanSmith\\Desktop\\PROYECTOS\\landingPage\\vendor\\laravel\\framework\\src\\Illuminate\\Database\\Connection.php(1270): Illuminate\\Database\\Connection->getPdo()
#7 C:\\Users\\OsmanSmith\\Desktop\\PROYECTOS\\landingPage\\vendor\\laravel\\framework\\src\\Illuminate\\Database\\Connection.php(511): Illuminate\\Database\\Connection->getReadPdo()
#8 C:\\Users\\OsmanSmith\\Desktop\\PROYECTOS\\landingPage\\vendor\\laravel\\framework\\src\\Illuminate\\Database\\Connection.php(406): Illuminate\\Database\\Connection->getPdoForSelect(true)
#9 C:\\Users\\OsmanSmith\\Desktop\\PROYECTOS\\landingPage\\vendor\\laravel\\framework\\src\\Illuminate\\Database\\Connection.php(811): Illuminate\\Database\\Connection->Illuminate\\Database\\{closure}('select * from `...', Array)
#10 C:\\Users\\OsmanSmith\\Desktop\\PROYECTOS\\landingPage\\vendor\\laravel\\framework\\src\\Illuminate\\Database\\Connection.php(778): Illuminate\\Database\\Connection->runQueryCallback('select * from `...', Array, Object(Closure))
#11 C:\\Users\\OsmanSmith\\Desktop\\PROYECTOS\\landingPage\\vendor\\laravel\\framework\\src\\Illuminate\\Database\\Connection.php(397): Illuminate\\Database\\Connection->run('select * from `...', Array, Object(Closure))
#12 C:\\Users\\OsmanSmith\\Desktop\\PROYECTOS\\landingPage\\vendor\\laravel\\framework\\src\\Illuminate\\Database\\Query\\Builder.php(3188): Illuminate\\Database\\Connection->select('select * from `...', Array, true)
#13 C:\\Users\\OsmanSmith\\Desktop\\PROYECTOS\\landingPage\\vendor\\laravel\\framework\\src\\Illuminate\\Database\\Query\\Builder.php(3173): Illuminate\\Database\\Query\\Builder->runSelect()
#14 C:\\Users\\OsmanSmith\\Desktop\\PROYECTOS\\landingPage\\vendor\\laravel\\framework\\src\\Illuminate\\Database\\Query\\Builder.php(3763): Illuminate\\Database\\Query\\Builder->Illuminate\\Database\\Query\\{closure}()
#15 C:\\Users\\OsmanSmith\\Desktop\\PROYECTOS\\landingPage\\vendor\\laravel\\framework\\src\\Illuminate\\Database\\Query\\Builder.php(3172): Illuminate\\Database\\Query\\Builder->onceWithColumns(Array, Object(Closure))
#16 C:\\Users\\OsmanSmith\\Desktop\\PROYECTOS\\landingPage\\vendor\\laravel\\framework\\src\\Illuminate\\Cache\\DatabaseStore.php(130): Illuminate\\Database\\Query\\Builder->get()
#17 C:\\Users\\OsmanSmith\\Desktop\\PROYECTOS\\landingPage\\vendor\\laravel\\framework\\src\\Illuminate\\Cache\\DatabaseStore.php(105): Illuminate\\Cache\\DatabaseStore->many(Array)
#18 C:\\Users\\OsmanSmith\\Desktop\\PROYECTOS\\landingPage\\vendor\\laravel\\framework\\src\\Illuminate\\Cache\\Repository.php(119): Illuminate\\Cache\\DatabaseStore->get('boost.roster.sc...')
#19 C:\\Users\\OsmanSmith\\Desktop\\PROYECTOS\\landingPage\\vendor\\laravel\\framework\\src\\Illuminate\\Cache\\CacheManager.php(524): Illuminate\\Cache\\Repository->get('boost.roster.sc...')
#20 C:\\Users\\OsmanSmith\\Desktop\\PROYECTOS\\landingPage\\vendor\\laravel\\boost\\src\\BoostServiceProvider.php(48): Illuminate\\Cache\\CacheManager->__call('get', Array)
#21 C:\\Users\\OsmanSmith\\Desktop\\PROYECTOS\\landingPage\\vendor\\laravel\\framework\\src\\Illuminate\\Container\\Container.php(1154): Laravel\\Boost\\BoostServiceProvider->Laravel\\Boost\\{closure}(Object(Illuminate\\Foundation\\Application), Array)
#22 C:\\Users\\OsmanSmith\\Desktop\\PROYECTOS\\landingPage\\vendor\\laravel\\framework\\src\\Illuminate\\Container\\Container.php(972): Illuminate\\Container\\Container->build(Object(Closure))
#23 C:\\Users\\OsmanSmith\\Desktop\\PROYECTOS\\landingPage\\vendor\\laravel\\framework\\src\\Illuminate\\Foundation\\Application.php(1078): Illuminate\\Container\\Container->resolve('Laravel\\\\Roster\\\\...', Array, true)
#24 C:\\Users\\OsmanSmith\\Desktop\\PROYECTOS\\landingPage\\vendor\\laravel\\framework\\src\\Illuminate\\Container\\Container.php(903): Illuminate\\Foundation\\Application->resolve('Laravel\\\\Roster\\\\...', Array)
#25 C:\\Users\\OsmanSmith\\Desktop\\PROYECTOS\\landingPage\\vendor\\laravel\\framework\\src\\Illuminate\\Foundation\\Application.php(1058): Illuminate\\Container\\Container->make('Laravel\\\\Roster\\\\...', Array)
#26 C:\\Users\\OsmanSmith\\Desktop\\PROYECTOS\\landingPage\\vendor\\laravel\\framework\\src\\Illuminate\\Container\\Container.php(1379): Illuminate\\Foundation\\Application->make('Laravel\\\\Roster\\\\...')
#27 C:\\Users\\OsmanSmith\\Desktop\\PROYECTOS\\landingPage\\vendor\\laravel\\framework\\src\\Illuminate\\Container\\Container.php(1278): Illuminate\\Container\\Container->resolveClass(Object(ReflectionParameter))
#28 C:\\Users\\OsmanSmith\\Desktop\\PROYECTOS\\landingPage\\vendor\\laravel\\framework\\src\\Illuminate\\Container\\Container.php(1201): Illuminate\\Container\\Container->resolveDependencies(Array)
#29 C:\\Users\\OsmanSmith\\Desktop\\PROYECTOS\\landingPage\\vendor\\laravel\\framework\\src\\Illuminate\\Container\\Container.php(972): Illuminate\\Container\\Container->build('Laravel\\\\Boost\\\\I...')
#30 C:\\Users\\OsmanSmith\\Desktop\\PROYECTOS\\landingPage\\vendor\\laravel\\framework\\src\\Illuminate\\Foundation\\Application.php(1078): Illuminate\\Container\\Container->resolve('Laravel\\\\Boost\\\\I...', Array, true)
#31 C:\\Users\\OsmanSmith\\Desktop\\PROYECTOS\\landingPage\\vendor\\laravel\\framework\\src\\Illuminate\\Container\\Container.php(903): Illuminate\\Foundation\\Application->resolve('Laravel\\\\Boost\\\\I...', Array)
#32 C:\\Users\\OsmanSmith\\Desktop\\PROYECTOS\\landingPage\\vendor\\laravel\\framework\\src\\Illuminate\\Foundation\\Application.php(1058): Illuminate\\Container\\Container->make('Laravel\\\\Boost\\\\I...', Array)
#33 C:\\Users\\OsmanSmith\\Desktop\\PROYECTOS\\landingPage\\vendor\\laravel\\framework\\src\\Illuminate\\Foundation\\helpers.php(138): Illuminate\\Foundation\\Application->make('Laravel\\\\Boost\\\\I...', Array)
#34 C:\\Users\\OsmanSmith\\Desktop\\PROYECTOS\\landingPage\\vendor\\laravel\\boost\\src\\Console\\InstallCommand.php(305): app('Laravel\\\\Boost\\\\I...')
#35 C:\\Users\\OsmanSmith\\Desktop\\PROYECTOS\\landingPage\\vendor\\laravel\\boost\\src\\Console\\InstallCommand.php(151): Laravel\\Boost\\Console\\InstallCommand->selectAiGuidelines()
#36 C:\\Users\\OsmanSmith\\Desktop\\PROYECTOS\\landingPage\\vendor\\laravel\\boost\\src\\Console\\InstallCommand.php(98): Laravel\\Boost\\Console\\InstallCommand->collectInstallationPreferences()
#37 C:\\Users\\OsmanSmith\\Desktop\\PROYECTOS\\landingPage\\vendor\\laravel\\framework\\src\\Illuminate\\Container\\BoundMethod.php(36): Laravel\\Boost\\Console\\InstallCommand->handle(Object(Laravel\\Boost\\Install\\CodeEnvironmentsDetector), Object(Laravel\\Boost\\Install\\Herd), Object(Laravel\\Prompts\\Terminal))
#38 C:\\Users\\OsmanSmith\\Desktop\\PROYECTOS\\landingPage\\vendor\\laravel\\framework\\src\\Illuminate\\Container\\Util.php(43): Illuminate\\Container\\BoundMethod::Illuminate\\Container\\{closure}()
#39 C:\\Users\\OsmanSmith\\Desktop\\PROYECTOS\\landingPage\\vendor\\laravel\\framework\\src\\Illuminate\\Container\\BoundMethod.php(96): Illuminate\\Container\\Util::unwrapIfClosure(Object(Closure))
#40 C:\\Users\\OsmanSmith\\Desktop\\PROYECTOS\\landingPage\\vendor\\laravel\\framework\\src\\Illuminate\\Container\\BoundMethod.php(35): Illuminate\\Container\\BoundMethod::callBoundMethod(Object(Illuminate\\Foundation\\Application), Array, Object(Closure))
#41 C:\\Users\\OsmanSmith\\Desktop\\PROYECTOS\\landingPage\\vendor\\laravel\\framework\\src\\Illuminate\\Container\\Container.php(836): Illuminate\\Container\\BoundMethod::call(Object(Illuminate\\Foundation\\Application), Array, Array, NULL)
#42 C:\\Users\\OsmanSmith\\Desktop\\PROYECTOS\\landingPage\\vendor\\laravel\\framework\\src\\Illuminate\\Console\\Command.php(211): Illuminate\\Container\\Container->call(Array)
#43 C:\\Users\\OsmanSmith\\Desktop\\PROYECTOS\\landingPage\\vendor\\symfony\\console\\Command\\Command.php(318): Illuminate\\Console\\Command->execute(Object(Symfony\\Component\\Console\\Input\\ArrayInput), Object(Illuminate\\Console\\OutputStyle))
#44 C:\\Users\\OsmanSmith\\Desktop\\PROYECTOS\\landingPage\\vendor\\laravel\\framework\\src\\Illuminate\\Console\\Command.php(180): Symfony\\Component\\Console\\Command\\Command->run(Object(Symfony\\Component\\Console\\Input\\ArrayInput), Object(Illuminate\\Console\\OutputStyle))
#45 C:\\Users\\OsmanSmith\\Desktop\\PROYECTOS\\landingPage\\vendor\\laravel\\framework\\src\\Illuminate\\Console\\Concerns\\CallsCommands.php(68): Illuminate\\Console\\Command->run(Object(Symfony\\Component\\Console\\Input\\ArrayInput), Object(Symfony\\Component\\Console\\Output\\NullOutput))
#46 C:\\Users\\OsmanSmith\\Desktop\\PROYECTOS\\landingPage\\vendor\\laravel\\framework\\src\\Illuminate\\Console\\Concerns\\CallsCommands.php(41): Illuminate\\Console\\Command->runCommand('Laravel\\\\Boost\\\\C...', Array, Object(Symfony\\Component\\Console\\Output\\NullOutput))
#47 C:\\Users\\OsmanSmith\\Desktop\\PROYECTOS\\landingPage\\vendor\\laravel\\framework\\src\\Illuminate\\Console\\Concerns\\CallsCommands.php(53): Illuminate\\Console\\Command->callSilent('Laravel\\\\Boost\\\\C...', Array)
#48 C:\\Users\\OsmanSmith\\Desktop\\PROYECTOS\\landingPage\\vendor\\laravel\\boost\\src\\Console\\UpdateCommand.php(15): Illuminate\\Console\\Command->callSilently('Laravel\\\\Boost\\\\C...', Array)
#49 C:\\Users\\OsmanSmith\\Desktop\\PROYECTOS\\landingPage\\vendor\\laravel\\framework\\src\\Illuminate\\Container\\BoundMethod.php(36): Laravel\\Boost\\Console\\UpdateCommand->handle()
#50 C:\\Users\\OsmanSmith\\Desktop\\PROYECTOS\\landingPage\\vendor\\laravel\\framework\\src\\Illuminate\\Container\\Util.php(43): Illuminate\\Container\\BoundMethod::Illuminate\\Container\\{closure}()
#51 C:\\Users\\OsmanSmith\\Desktop\\PROYECTOS\\landingPage\\vendor\\laravel\\framework\\src\\Illuminate\\Container\\BoundMethod.php(96): Illuminate\\Container\\Util::unwrapIfClosure(Object(Closure))
#52 C:\\Users\\OsmanSmith\\Desktop\\PROYECTOS\\landingPage\\vendor\\laravel\\framework\\src\\Illuminate\\Container\\BoundMethod.php(35): Illuminate\\Container\\BoundMethod::callBoundMethod(Object(Illuminate\\Foundation\\Application), Array, Object(Closure))
#53 C:\\Users\\OsmanSmith\\Desktop\\PROYECTOS\\landingPage\\vendor\\laravel\\framework\\src\\Illuminate\\Container\\Container.php(836): Illuminate\\Container\\BoundMethod::call(Object(Illuminate\\Foundation\\Application), Array, Array, NULL)
#54 C:\\Users\\OsmanSmith\\Desktop\\PROYECTOS\\landingPage\\vendor\\laravel\\framework\\src\\Illuminate\\Console\\Command.php(211): Illuminate\\Container\\Container->call(Array)
#55 C:\\Users\\OsmanSmith\\Desktop\\PROYECTOS\\landingPage\\vendor\\symfony\\console\\Command\\Command.php(318): Illuminate\\Console\\Command->execute(Object(Symfony\\Component\\Console\\Input\\ArgvInput), Object(Illuminate\\Console\\OutputStyle))
#56 C:\\Users\\OsmanSmith\\Desktop\\PROYECTOS\\landingPage\\vendor\\laravel\\framework\\src\\Illuminate\\Console\\Command.php(180): Symfony\\Component\\Console\\Command\\Command->run(Object(Symfony\\Component\\Console\\Input\\ArgvInput), Object(Illuminate\\Console\\OutputStyle))
#57 C:\\Users\\OsmanSmith\\Desktop\\PROYECTOS\\landingPage\\vendor\\symfony\\console\\Application.php(1073): Illuminate\\Console\\Command->run(Object(Symfony\\Component\\Console\\Input\\ArgvInput), Object(Symfony\\Component\\Console\\Output\\ConsoleOutput))
#58 C:\\Users\\OsmanSmith\\Desktop\\PROYECTOS\\landingPage\\vendor\\symfony\\console\\Application.php(356): Symfony\\Component\\Console\\Application->doRunCommand(Object(Laravel\\Boost\\Console\\UpdateCommand), Object(Symfony\\Component\\Console\\Input\\ArgvInput), Object(Symfony\\Component\\Console\\Output\\ConsoleOutput))
#59 C:\\Users\\OsmanSmith\\Desktop\\PROYECTOS\\landingPage\\vendor\\symfony\\console\\Application.php(195): Symfony\\Component\\Console\\Application->doRun(Object(Symfony\\Component\\Console\\Input\\ArgvInput), Object(Symfony\\Component\\Console\\Output\\ConsoleOutput))
#60 C:\\Users\\OsmanSmith\\Desktop\\PROYECTOS\\landingPage\\vendor\\laravel\\framework\\src\\Illuminate\\Foundation\\Console\\Kernel.php(197): Symfony\\Component\\Console\\Application->run(Object(Symfony\\Component\\Console\\Input\\ArgvInput), Object(Symfony\\Component\\Console\\Output\\ConsoleOutput))
#61 C:\\Users\\OsmanSmith\\Desktop\\PROYECTOS\\landingPage\\vendor\\laravel\\framework\\src\\Illuminate\\Foundation\\Application.php(1235): Illuminate\\Foundation\\Console\\Kernel->handle(Object(Symfony\\Component\\Console\\Input\\ArgvInput), Object(Symfony\\Component\\Console\\Output\\ConsoleOutput))
#62 C:\\Users\\OsmanSmith\\Desktop\\PROYECTOS\\landingPage\\artisan(16): Illuminate\\Foundation\\Application->handleCommand(Object(Symfony\\Component\\Console\\Input\\ArgvInput))
#63 {main}
"} 
